[  0%] Built target geometry_msgs_generate_messages_nodejs
[  0%] Built target _aro_msgs_generate_messages_check_deps_FollowPathActionFeedback
[  0%] Built target _aro_msgs_generate_messages_check_deps_FollowPathFeedback
[  0%] Built target _aro_msgs_generate_messages_check_deps_GenerateFrontier
[  0%] Built target std_msgs_generate_messages_nodejs
[  0%] Built target _aro_msgs_generate_messages_check_deps_FollowPathAction
[  0%] Built target actionlib_msgs_generate_messages_nodejs
[  0%] Built target _aro_msgs_generate_messages_check_deps_FollowPathGoal
[  0%] Built target _aro_msgs_generate_messages_check_deps_PlanPath
[  0%] Built target std_msgs_generate_messages_py
[  0%] Built target _aro_msgs_generate_messages_check_deps_FollowPathResult
[  0%] Built target actionlib_msgs_generate_messages_py
[  0%] Built target geometry_msgs_generate_messages_py
[  0%] Built target _aro_msgs_generate_messages_check_deps_Path
[  0%] Built target _aro_msgs_generate_messages_check_deps_FollowPathActionResult
[  0%] Built target _aro_msgs_generate_messages_check_deps_FollowPathActionGoal
[  0%] Built target actionlib_msgs_generate_messages_lisp
[  0%] Built target std_msgs_generate_messages_lisp
[  0%] Built target geometry_msgs_generate_messages_lisp
[  0%] Built target geometry_msgs_generate_messages_eus
[  0%] Built target std_msgs_generate_messages_eus
[  0%] Built target actionlib_msgs_generate_messages_cpp
[  0%] Built target actionlib_msgs_generate_messages_eus
[  0%] Built target geometry_msgs_generate_messages_cpp
[  0%] Built target std_msgs_generate_messages_cpp
[ 30%] Built target aro_msgs_generate_messages_py
[ 41%] Built target aro_msgs_generate_messages_nodejs
[ 60%] Built target aro_msgs_generate_messages_lisp
[ 96%] Built target aro_msgs_generate_messages_cpp
[100%] Built target aro_msgs_generate_messages_eus
[100%] Built target aro_msgs_generate_messages
