Linked: (/home/vivek/Documents/ROS/sw01/devel/.private/aro_msgs/share/roseus/ros/aro_msgs/manifest.l, /home/vivek/Documents/ROS/sw01/devel/share/roseus/ros/aro_msgs/manifest.l)
Linked: (/home/vivek/Documents/ROS/sw01/devel/.private/aro_msgs/share/roseus/ros/aro_msgs/srv/GenerateFrontier.l, /home/vivek/Documents/ROS/sw01/devel/share/roseus/ros/aro_msgs/srv/GenerateFrontier.l)
Linked: (/home/vivek/Documents/ROS/sw01/devel/.private/aro_msgs/share/roseus/ros/aro_msgs/srv/PlanPath.l, /home/vivek/Documents/ROS/sw01/devel/share/roseus/ros/aro_msgs/srv/PlanPath.l)
Linked: (/home/vivek/Documents/ROS/sw01/devel/.private/aro_msgs/share/roseus/ros/aro_msgs/msg/FollowPathResult.l, /home/vivek/Documents/ROS/sw01/devel/share/roseus/ros/aro_msgs/msg/FollowPathResult.l)
Linked: (/home/vivek/Documents/ROS/sw01/devel/.private/aro_msgs/share/roseus/ros/aro_msgs/msg/FollowPathGoal.l, /home/vivek/Documents/ROS/sw01/devel/share/roseus/ros/aro_msgs/msg/FollowPathGoal.l)
Linked: (/home/vivek/Documents/ROS/sw01/devel/.private/aro_msgs/share/roseus/ros/aro_msgs/msg/FollowPathFeedback.l, /home/vivek/Documents/ROS/sw01/devel/share/roseus/ros/aro_msgs/msg/FollowPathFeedback.l)
Linked: (/home/vivek/Documents/ROS/sw01/devel/.private/aro_msgs/share/roseus/ros/aro_msgs/msg/FollowPathActionFeedback.l, /home/vivek/Documents/ROS/sw01/devel/share/roseus/ros/aro_msgs/msg/FollowPathActionFeedback.l)
Linked: (/home/vivek/Documents/ROS/sw01/devel/.private/aro_msgs/share/roseus/ros/aro_msgs/msg/FollowPathActionResult.l, /home/vivek/Documents/ROS/sw01/devel/share/roseus/ros/aro_msgs/msg/FollowPathActionResult.l)
Linked: (/home/vivek/Documents/ROS/sw01/devel/.private/aro_msgs/share/roseus/ros/aro_msgs/msg/FollowPathActionGoal.l, /home/vivek/Documents/ROS/sw01/devel/share/roseus/ros/aro_msgs/msg/FollowPathActionGoal.l)
Linked: (/home/vivek/Documents/ROS/sw01/devel/.private/aro_msgs/share/roseus/ros/aro_msgs/msg/Path.l, /home/vivek/Documents/ROS/sw01/devel/share/roseus/ros/aro_msgs/msg/Path.l)
Linked: (/home/vivek/Documents/ROS/sw01/devel/.private/aro_msgs/share/roseus/ros/aro_msgs/msg/FollowPathAction.l, /home/vivek/Documents/ROS/sw01/devel/share/roseus/ros/aro_msgs/msg/FollowPathAction.l)
Linked: (/home/vivek/Documents/ROS/sw01/devel/.private/aro_msgs/share/gennodejs/ros/aro_msgs/_index.js, /home/vivek/Documents/ROS/sw01/devel/share/gennodejs/ros/aro_msgs/_index.js)
Linked: (/home/vivek/Documents/ROS/sw01/devel/.private/aro_msgs/share/gennodejs/ros/aro_msgs/srv/_index.js, /home/vivek/Documents/ROS/sw01/devel/share/gennodejs/ros/aro_msgs/srv/_index.js)
Linked: (/home/vivek/Documents/ROS/sw01/devel/.private/aro_msgs/share/gennodejs/ros/aro_msgs/srv/PlanPath.js, /home/vivek/Documents/ROS/sw01/devel/share/gennodejs/ros/aro_msgs/srv/PlanPath.js)
Linked: (/home/vivek/Documents/ROS/sw01/devel/.private/aro_msgs/share/gennodejs/ros/aro_msgs/srv/GenerateFrontier.js, /home/vivek/Documents/ROS/sw01/devel/share/gennodejs/ros/aro_msgs/srv/GenerateFrontier.js)
Linked: (/home/vivek/Documents/ROS/sw01/devel/.private/aro_msgs/share/gennodejs/ros/aro_msgs/msg/FollowPathResult.js, /home/vivek/Documents/ROS/sw01/devel/share/gennodejs/ros/aro_msgs/msg/FollowPathResult.js)
Linked: (/home/vivek/Documents/ROS/sw01/devel/.private/aro_msgs/share/gennodejs/ros/aro_msgs/msg/_index.js, /home/vivek/Documents/ROS/sw01/devel/share/gennodejs/ros/aro_msgs/msg/_index.js)
Linked: (/home/vivek/Documents/ROS/sw01/devel/.private/aro_msgs/share/gennodejs/ros/aro_msgs/msg/FollowPathActionFeedback.js, /home/vivek/Documents/ROS/sw01/devel/share/gennodejs/ros/aro_msgs/msg/FollowPathActionFeedback.js)
Linked: (/home/vivek/Documents/ROS/sw01/devel/.private/aro_msgs/share/gennodejs/ros/aro_msgs/msg/FollowPathGoal.js, /home/vivek/Documents/ROS/sw01/devel/share/gennodejs/ros/aro_msgs/msg/FollowPathGoal.js)
Linked: (/home/vivek/Documents/ROS/sw01/devel/.private/aro_msgs/share/gennodejs/ros/aro_msgs/msg/FollowPathAction.js, /home/vivek/Documents/ROS/sw01/devel/share/gennodejs/ros/aro_msgs/msg/FollowPathAction.js)
Linked: (/home/vivek/Documents/ROS/sw01/devel/.private/aro_msgs/share/gennodejs/ros/aro_msgs/msg/FollowPathFeedback.js, /home/vivek/Documents/ROS/sw01/devel/share/gennodejs/ros/aro_msgs/msg/FollowPathFeedback.js)
Linked: (/home/vivek/Documents/ROS/sw01/devel/.private/aro_msgs/share/gennodejs/ros/aro_msgs/msg/FollowPathActionResult.js, /home/vivek/Documents/ROS/sw01/devel/share/gennodejs/ros/aro_msgs/msg/FollowPathActionResult.js)
Linked: (/home/vivek/Documents/ROS/sw01/devel/.private/aro_msgs/share/gennodejs/ros/aro_msgs/msg/FollowPathActionGoal.js, /home/vivek/Documents/ROS/sw01/devel/share/gennodejs/ros/aro_msgs/msg/FollowPathActionGoal.js)
Linked: (/home/vivek/Documents/ROS/sw01/devel/.private/aro_msgs/share/gennodejs/ros/aro_msgs/msg/Path.js, /home/vivek/Documents/ROS/sw01/devel/share/gennodejs/ros/aro_msgs/msg/Path.js)
Linked: (/home/vivek/Documents/ROS/sw01/devel/.private/aro_msgs/share/common-lisp/ros/aro_msgs/srv/_package.lisp, /home/vivek/Documents/ROS/sw01/devel/share/common-lisp/ros/aro_msgs/srv/_package.lisp)
Linked: (/home/vivek/Documents/ROS/sw01/devel/.private/aro_msgs/share/common-lisp/ros/aro_msgs/srv/_package_GenerateFrontier.lisp, /home/vivek/Documents/ROS/sw01/devel/share/common-lisp/ros/aro_msgs/srv/_package_GenerateFrontier.lisp)
Linked: (/home/vivek/Documents/ROS/sw01/devel/.private/aro_msgs/share/common-lisp/ros/aro_msgs/srv/GenerateFrontier.lisp, /home/vivek/Documents/ROS/sw01/devel/share/common-lisp/ros/aro_msgs/srv/GenerateFrontier.lisp)
Linked: (/home/vivek/Documents/ROS/sw01/devel/.private/aro_msgs/share/common-lisp/ros/aro_msgs/srv/aro_msgs-srv.asd, /home/vivek/Documents/ROS/sw01/devel/share/common-lisp/ros/aro_msgs/srv/aro_msgs-srv.asd)
Linked: (/home/vivek/Documents/ROS/sw01/devel/.private/aro_msgs/share/common-lisp/ros/aro_msgs/srv/_package_PlanPath.lisp, /home/vivek/Documents/ROS/sw01/devel/share/common-lisp/ros/aro_msgs/srv/_package_PlanPath.lisp)
Linked: (/home/vivek/Documents/ROS/sw01/devel/.private/aro_msgs/share/common-lisp/ros/aro_msgs/srv/PlanPath.lisp, /home/vivek/Documents/ROS/sw01/devel/share/common-lisp/ros/aro_msgs/srv/PlanPath.lisp)
Linked: (/home/vivek/Documents/ROS/sw01/devel/.private/aro_msgs/share/common-lisp/ros/aro_msgs/msg/_package_FollowPathActionGoal.lisp, /home/vivek/Documents/ROS/sw01/devel/share/common-lisp/ros/aro_msgs/msg/_package_FollowPathActionGoal.lisp)
Linked: (/home/vivek/Documents/ROS/sw01/devel/.private/aro_msgs/share/common-lisp/ros/aro_msgs/msg/FollowPathResult.lisp, /home/vivek/Documents/ROS/sw01/devel/share/common-lisp/ros/aro_msgs/msg/FollowPathResult.lisp)
Linked: (/home/vivek/Documents/ROS/sw01/devel/.private/aro_msgs/share/common-lisp/ros/aro_msgs/msg/_package_FollowPathActionResult.lisp, /home/vivek/Documents/ROS/sw01/devel/share/common-lisp/ros/aro_msgs/msg/_package_FollowPathActionResult.lisp)
Linked: (/home/vivek/Documents/ROS/sw01/devel/.private/aro_msgs/share/common-lisp/ros/aro_msgs/msg/_package_FollowPathFeedback.lisp, /home/vivek/Documents/ROS/sw01/devel/share/common-lisp/ros/aro_msgs/msg/_package_FollowPathFeedback.lisp)
Linked: (/home/vivek/Documents/ROS/sw01/devel/.private/aro_msgs/share/common-lisp/ros/aro_msgs/msg/_package_FollowPathGoal.lisp, /home/vivek/Documents/ROS/sw01/devel/share/common-lisp/ros/aro_msgs/msg/_package_FollowPathGoal.lisp)
Linked: (/home/vivek/Documents/ROS/sw01/devel/.private/aro_msgs/share/common-lisp/ros/aro_msgs/msg/_package_FollowPathAction.lisp, /home/vivek/Documents/ROS/sw01/devel/share/common-lisp/ros/aro_msgs/msg/_package_FollowPathAction.lisp)
Linked: (/home/vivek/Documents/ROS/sw01/devel/.private/aro_msgs/share/common-lisp/ros/aro_msgs/msg/FollowPathActionGoal.lisp, /home/vivek/Documents/ROS/sw01/devel/share/common-lisp/ros/aro_msgs/msg/FollowPathActionGoal.lisp)
Linked: (/home/vivek/Documents/ROS/sw01/devel/.private/aro_msgs/share/common-lisp/ros/aro_msgs/msg/_package.lisp, /home/vivek/Documents/ROS/sw01/devel/share/common-lisp/ros/aro_msgs/msg/_package.lisp)
Linked: (/home/vivek/Documents/ROS/sw01/devel/.private/aro_msgs/share/common-lisp/ros/aro_msgs/msg/FollowPathActionResult.lisp, /home/vivek/Documents/ROS/sw01/devel/share/common-lisp/ros/aro_msgs/msg/FollowPathActionResult.lisp)
Linked: (/home/vivek/Documents/ROS/sw01/devel/.private/aro_msgs/share/common-lisp/ros/aro_msgs/msg/FollowPathAction.lisp, /home/vivek/Documents/ROS/sw01/devel/share/common-lisp/ros/aro_msgs/msg/FollowPathAction.lisp)
Linked: (/home/vivek/Documents/ROS/sw01/devel/.private/aro_msgs/share/common-lisp/ros/aro_msgs/msg/Path.lisp, /home/vivek/Documents/ROS/sw01/devel/share/common-lisp/ros/aro_msgs/msg/Path.lisp)
Linked: (/home/vivek/Documents/ROS/sw01/devel/.private/aro_msgs/share/common-lisp/ros/aro_msgs/msg/_package_FollowPathResult.lisp, /home/vivek/Documents/ROS/sw01/devel/share/common-lisp/ros/aro_msgs/msg/_package_FollowPathResult.lisp)
Linked: (/home/vivek/Documents/ROS/sw01/devel/.private/aro_msgs/share/common-lisp/ros/aro_msgs/msg/_package_FollowPathActionFeedback.lisp, /home/vivek/Documents/ROS/sw01/devel/share/common-lisp/ros/aro_msgs/msg/_package_FollowPathActionFeedback.lisp)
Linked: (/home/vivek/Documents/ROS/sw01/devel/.private/aro_msgs/share/common-lisp/ros/aro_msgs/msg/_package_Path.lisp, /home/vivek/Documents/ROS/sw01/devel/share/common-lisp/ros/aro_msgs/msg/_package_Path.lisp)
Linked: (/home/vivek/Documents/ROS/sw01/devel/.private/aro_msgs/share/common-lisp/ros/aro_msgs/msg/FollowPathGoal.lisp, /home/vivek/Documents/ROS/sw01/devel/share/common-lisp/ros/aro_msgs/msg/FollowPathGoal.lisp)
Linked: (/home/vivek/Documents/ROS/sw01/devel/.private/aro_msgs/share/common-lisp/ros/aro_msgs/msg/FollowPathActionFeedback.lisp, /home/vivek/Documents/ROS/sw01/devel/share/common-lisp/ros/aro_msgs/msg/FollowPathActionFeedback.lisp)
Linked: (/home/vivek/Documents/ROS/sw01/devel/.private/aro_msgs/share/common-lisp/ros/aro_msgs/msg/aro_msgs-msg.asd, /home/vivek/Documents/ROS/sw01/devel/share/common-lisp/ros/aro_msgs/msg/aro_msgs-msg.asd)
Linked: (/home/vivek/Documents/ROS/sw01/devel/.private/aro_msgs/share/common-lisp/ros/aro_msgs/msg/FollowPathFeedback.lisp, /home/vivek/Documents/ROS/sw01/devel/share/common-lisp/ros/aro_msgs/msg/FollowPathFeedback.lisp)
Linked: (/home/vivek/Documents/ROS/sw01/devel/.private/aro_msgs/share/aro_msgs/cmake/aro_msgsConfig.cmake, /home/vivek/Documents/ROS/sw01/devel/share/aro_msgs/cmake/aro_msgsConfig.cmake)
Linked: (/home/vivek/Documents/ROS/sw01/devel/.private/aro_msgs/share/aro_msgs/cmake/aro_msgs-msg-paths.cmake, /home/vivek/Documents/ROS/sw01/devel/share/aro_msgs/cmake/aro_msgs-msg-paths.cmake)
Linked: (/home/vivek/Documents/ROS/sw01/devel/.private/aro_msgs/share/aro_msgs/cmake/aro_msgs-msg-extras.cmake, /home/vivek/Documents/ROS/sw01/devel/share/aro_msgs/cmake/aro_msgs-msg-extras.cmake)
Linked: (/home/vivek/Documents/ROS/sw01/devel/.private/aro_msgs/share/aro_msgs/cmake/aro_msgsConfig-version.cmake, /home/vivek/Documents/ROS/sw01/devel/share/aro_msgs/cmake/aro_msgsConfig-version.cmake)
Linked: (/home/vivek/Documents/ROS/sw01/devel/.private/aro_msgs/share/aro_msgs/msg/FollowPathAction.msg, /home/vivek/Documents/ROS/sw01/devel/share/aro_msgs/msg/FollowPathAction.msg)
Linked: (/home/vivek/Documents/ROS/sw01/devel/.private/aro_msgs/share/aro_msgs/msg/FollowPathActionResult.msg, /home/vivek/Documents/ROS/sw01/devel/share/aro_msgs/msg/FollowPathActionResult.msg)
Linked: (/home/vivek/Documents/ROS/sw01/devel/.private/aro_msgs/share/aro_msgs/msg/FollowPathActionFeedback.msg, /home/vivek/Documents/ROS/sw01/devel/share/aro_msgs/msg/FollowPathActionFeedback.msg)
Linked: (/home/vivek/Documents/ROS/sw01/devel/.private/aro_msgs/share/aro_msgs/msg/FollowPathGoal.msg, /home/vivek/Documents/ROS/sw01/devel/share/aro_msgs/msg/FollowPathGoal.msg)
Linked: (/home/vivek/Documents/ROS/sw01/devel/.private/aro_msgs/share/aro_msgs/msg/FollowPathResult.msg, /home/vivek/Documents/ROS/sw01/devel/share/aro_msgs/msg/FollowPathResult.msg)
Linked: (/home/vivek/Documents/ROS/sw01/devel/.private/aro_msgs/share/aro_msgs/msg/FollowPathFeedback.msg, /home/vivek/Documents/ROS/sw01/devel/share/aro_msgs/msg/FollowPathFeedback.msg)
Linked: (/home/vivek/Documents/ROS/sw01/devel/.private/aro_msgs/share/aro_msgs/msg/FollowPathActionGoal.msg, /home/vivek/Documents/ROS/sw01/devel/share/aro_msgs/msg/FollowPathActionGoal.msg)
Linked: (/home/vivek/Documents/ROS/sw01/devel/.private/aro_msgs/lib/pkgconfig/aro_msgs.pc, /home/vivek/Documents/ROS/sw01/devel/lib/pkgconfig/aro_msgs.pc)
Linked: (/home/vivek/Documents/ROS/sw01/devel/.private/aro_msgs/lib/python3/dist-packages/aro_msgs/__init__.py, /home/vivek/Documents/ROS/sw01/devel/lib/python3/dist-packages/aro_msgs/__init__.py)
Linked: (/home/vivek/Documents/ROS/sw01/devel/.private/aro_msgs/lib/python3/dist-packages/aro_msgs/srv/_PlanPath.py, /home/vivek/Documents/ROS/sw01/devel/lib/python3/dist-packages/aro_msgs/srv/_PlanPath.py)
Linked: (/home/vivek/Documents/ROS/sw01/devel/.private/aro_msgs/lib/python3/dist-packages/aro_msgs/srv/__init__.py, /home/vivek/Documents/ROS/sw01/devel/lib/python3/dist-packages/aro_msgs/srv/__init__.py)
Linked: (/home/vivek/Documents/ROS/sw01/devel/.private/aro_msgs/lib/python3/dist-packages/aro_msgs/srv/_GenerateFrontier.py, /home/vivek/Documents/ROS/sw01/devel/lib/python3/dist-packages/aro_msgs/srv/_GenerateFrontier.py)
Linked: (/home/vivek/Documents/ROS/sw01/devel/.private/aro_msgs/lib/python3/dist-packages/aro_msgs/msg/_FollowPathGoal.py, /home/vivek/Documents/ROS/sw01/devel/lib/python3/dist-packages/aro_msgs/msg/_FollowPathGoal.py)
Linked: (/home/vivek/Documents/ROS/sw01/devel/.private/aro_msgs/lib/python3/dist-packages/aro_msgs/msg/_FollowPathActionResult.py, /home/vivek/Documents/ROS/sw01/devel/lib/python3/dist-packages/aro_msgs/msg/_FollowPathActionResult.py)
Linked: (/home/vivek/Documents/ROS/sw01/devel/.private/aro_msgs/lib/python3/dist-packages/aro_msgs/msg/_FollowPathResult.py, /home/vivek/Documents/ROS/sw01/devel/lib/python3/dist-packages/aro_msgs/msg/_FollowPathResult.py)
Linked: (/home/vivek/Documents/ROS/sw01/devel/.private/aro_msgs/lib/python3/dist-packages/aro_msgs/msg/_FollowPathAction.py, /home/vivek/Documents/ROS/sw01/devel/lib/python3/dist-packages/aro_msgs/msg/_FollowPathAction.py)
Linked: (/home/vivek/Documents/ROS/sw01/devel/.private/aro_msgs/lib/python3/dist-packages/aro_msgs/msg/_FollowPathActionFeedback.py, /home/vivek/Documents/ROS/sw01/devel/lib/python3/dist-packages/aro_msgs/msg/_FollowPathActionFeedback.py)
Linked: (/home/vivek/Documents/ROS/sw01/devel/.private/aro_msgs/lib/python3/dist-packages/aro_msgs/msg/_FollowPathFeedback.py, /home/vivek/Documents/ROS/sw01/devel/lib/python3/dist-packages/aro_msgs/msg/_FollowPathFeedback.py)
Linked: (/home/vivek/Documents/ROS/sw01/devel/.private/aro_msgs/lib/python3/dist-packages/aro_msgs/msg/_Path.py, /home/vivek/Documents/ROS/sw01/devel/lib/python3/dist-packages/aro_msgs/msg/_Path.py)
Linked: (/home/vivek/Documents/ROS/sw01/devel/.private/aro_msgs/lib/python3/dist-packages/aro_msgs/msg/__init__.py, /home/vivek/Documents/ROS/sw01/devel/lib/python3/dist-packages/aro_msgs/msg/__init__.py)
Linked: (/home/vivek/Documents/ROS/sw01/devel/.private/aro_msgs/lib/python3/dist-packages/aro_msgs/msg/_FollowPathActionGoal.py, /home/vivek/Documents/ROS/sw01/devel/lib/python3/dist-packages/aro_msgs/msg/_FollowPathActionGoal.py)
Linked: (/home/vivek/Documents/ROS/sw01/devel/.private/aro_msgs/include/aro_msgs/PlanPath.h, /home/vivek/Documents/ROS/sw01/devel/include/aro_msgs/PlanPath.h)
Linked: (/home/vivek/Documents/ROS/sw01/devel/.private/aro_msgs/include/aro_msgs/GenerateFrontierResponse.h, /home/vivek/Documents/ROS/sw01/devel/include/aro_msgs/GenerateFrontierResponse.h)
Linked: (/home/vivek/Documents/ROS/sw01/devel/.private/aro_msgs/include/aro_msgs/FollowPathResult.h, /home/vivek/Documents/ROS/sw01/devel/include/aro_msgs/FollowPathResult.h)
Linked: (/home/vivek/Documents/ROS/sw01/devel/.private/aro_msgs/include/aro_msgs/FollowPathAction.h, /home/vivek/Documents/ROS/sw01/devel/include/aro_msgs/FollowPathAction.h)
Linked: (/home/vivek/Documents/ROS/sw01/devel/.private/aro_msgs/include/aro_msgs/FollowPathGoal.h, /home/vivek/Documents/ROS/sw01/devel/include/aro_msgs/FollowPathGoal.h)
Linked: (/home/vivek/Documents/ROS/sw01/devel/.private/aro_msgs/include/aro_msgs/FollowPathActionGoal.h, /home/vivek/Documents/ROS/sw01/devel/include/aro_msgs/FollowPathActionGoal.h)
Linked: (/home/vivek/Documents/ROS/sw01/devel/.private/aro_msgs/include/aro_msgs/GenerateFrontierRequest.h, /home/vivek/Documents/ROS/sw01/devel/include/aro_msgs/GenerateFrontierRequest.h)
Linked: (/home/vivek/Documents/ROS/sw01/devel/.private/aro_msgs/include/aro_msgs/FollowPathActionFeedback.h, /home/vivek/Documents/ROS/sw01/devel/include/aro_msgs/FollowPathActionFeedback.h)
Linked: (/home/vivek/Documents/ROS/sw01/devel/.private/aro_msgs/include/aro_msgs/GenerateFrontier.h, /home/vivek/Documents/ROS/sw01/devel/include/aro_msgs/GenerateFrontier.h)
Linked: (/home/vivek/Documents/ROS/sw01/devel/.private/aro_msgs/include/aro_msgs/PlanPathRequest.h, /home/vivek/Documents/ROS/sw01/devel/include/aro_msgs/PlanPathRequest.h)
Linked: (/home/vivek/Documents/ROS/sw01/devel/.private/aro_msgs/include/aro_msgs/FollowPathFeedback.h, /home/vivek/Documents/ROS/sw01/devel/include/aro_msgs/FollowPathFeedback.h)
Linked: (/home/vivek/Documents/ROS/sw01/devel/.private/aro_msgs/include/aro_msgs/FollowPathActionResult.h, /home/vivek/Documents/ROS/sw01/devel/include/aro_msgs/FollowPathActionResult.h)
Linked: (/home/vivek/Documents/ROS/sw01/devel/.private/aro_msgs/include/aro_msgs/PlanPathResponse.h, /home/vivek/Documents/ROS/sw01/devel/include/aro_msgs/PlanPathResponse.h)
Linked: (/home/vivek/Documents/ROS/sw01/devel/.private/aro_msgs/include/aro_msgs/Path.h, /home/vivek/Documents/ROS/sw01/devel/include/aro_msgs/Path.h)
