Not searching for unused variables given on the command line.
[36m--[0m The C compiler identification is GNU 9.4.0
[36m--[0m The CXX compiler identification is GNU 9.4.0
[36m--[0m Check for working C compiler: /usr/bin/cc
[36m--[0m Check for working C compiler: /usr/bin/cc -- works
[36m--[0m Detecting C compiler ABI info
[36m--[0m Detecting C compiler ABI info - done
[36m--[0m Detecting C compile features
[36m--[0m Detecting C compile features - done
[36m--[0m Check for working CXX compiler: /usr/bin/c++
[36m--[0m Check for working CXX compiler: /usr/bin/c++ -- works
[36m--[0m Detecting CXX compiler ABI info
[36m--[0m Detecting CXX compiler ABI info - done
[36m--[0m Detecting CXX compile features
[36m--[0m Detecting CXX compile features - done
[36m--[0m Found Boost: /usr/lib/x86_64-linux-gnu/cmake/Boost-1.71.0/BoostConfig.cmake (found version "1.71.0") found components: chrono python system thread
[36m--[0m Found Matlab: /usr/local/MATLAB/R2021a/extern/include (found version "9.10")
[36m--[0m Found OpenMP_C: -fopenmp (found version "4.5")
[36m--[0m Found OpenMP_CXX: -fopenmp (found version "4.5")
[36m--[0m Found OpenMP: TRUE (found version "4.5")
[36m--[0m Found GTest: /usr/lib/x86_64-linux-gnu/libgtest.a
[36m--[0m Found PythonLibs: /usr/lib/x86_64-linux-gnu/libpython3.8.so (found suitable version "3.8.10", minimum required is "3")
[36m--[0m Performing Test HAS_MINUS_PTHREAD
[36m--[0m Performing Test HAS_MINUS_PTHREAD - Success
[36m--[0m Configuring done
[36m--[0m Generating done
[36m--[0m Build files have been written to: /home/vivek/Documents/ROS/hw06/build/voxel_map
