Symlinking /home/vivek/Documents/ROS/hw05/devel/include/aro_msgs/FollowPathAction.h
Symlinking /home/vivek/Documents/ROS/hw05/devel/include/aro_msgs/FollowPathActionGoal.h
Symlinking /home/vivek/Documents/ROS/hw05/devel/include/aro_msgs/PlanPath.h
Symlinking /home/vivek/Documents/ROS/hw05/devel/include/aro_msgs/FollowPathGoal.h
Symlinking /home/vivek/Documents/ROS/hw05/devel/include/aro_msgs/FollowPathResult.h
Symlinking /home/vivek/Documents/ROS/hw05/devel/include/aro_msgs/GenerateFrontierRequest.h
Symlinking /home/vivek/Documents/ROS/hw05/devel/include/aro_msgs/Path.h
Symlinking /home/vivek/Documents/ROS/hw05/devel/include/aro_msgs/GenerateFrontier.h
Symlinking /home/vivek/Documents/ROS/hw05/devel/include/aro_msgs/GenerateFrontierResponse.h
Symlinking /home/vivek/Documents/ROS/hw05/devel/include/aro_msgs/FollowPathActionFeedback.h
Symlinking /home/vivek/Documents/ROS/hw05/devel/include/aro_msgs/PlanPathRequest.h
Symlinking /home/vivek/Documents/ROS/hw05/devel/include/aro_msgs/PlanPathResponse.h
Symlinking /home/vivek/Documents/ROS/hw05/devel/include/aro_msgs/FollowPathActionResult.h
Symlinking /home/vivek/Documents/ROS/hw05/devel/include/aro_msgs/FollowPathFeedback.h
Symlinking /home/vivek/Documents/ROS/hw05/devel/lib/python3/dist-packages/aro_msgs/__init__.py
Symlinking /home/vivek/Documents/ROS/hw05/devel/lib/python3/dist-packages/aro_msgs/srv/_PlanPath.py
Symlinking /home/vivek/Documents/ROS/hw05/devel/lib/python3/dist-packages/aro_msgs/srv/__init__.py
Symlinking /home/vivek/Documents/ROS/hw05/devel/lib/python3/dist-packages/aro_msgs/srv/_GenerateFrontier.py
Symlinking /home/vivek/Documents/ROS/hw05/devel/lib/python3/dist-packages/aro_msgs/msg/_FollowPathAction.py
Symlinking /home/vivek/Documents/ROS/hw05/devel/lib/python3/dist-packages/aro_msgs/msg/_FollowPathActionFeedback.py
Symlinking /home/vivek/Documents/ROS/hw05/devel/lib/python3/dist-packages/aro_msgs/msg/_FollowPathFeedback.py
Symlinking /home/vivek/Documents/ROS/hw05/devel/lib/python3/dist-packages/aro_msgs/msg/__init__.py
Symlinking /home/vivek/Documents/ROS/hw05/devel/lib/python3/dist-packages/aro_msgs/msg/_FollowPathActionGoal.py
Symlinking /home/vivek/Documents/ROS/hw05/devel/lib/python3/dist-packages/aro_msgs/msg/_FollowPathResult.py
Symlinking /home/vivek/Documents/ROS/hw05/devel/lib/python3/dist-packages/aro_msgs/msg/_FollowPathGoal.py
Symlinking /home/vivek/Documents/ROS/hw05/devel/lib/python3/dist-packages/aro_msgs/msg/_FollowPathActionResult.py
Symlinking /home/vivek/Documents/ROS/hw05/devel/lib/python3/dist-packages/aro_msgs/msg/_Path.py
Symlinking /home/vivek/Documents/ROS/hw05/devel/lib/pkgconfig/aro_msgs.pc
Symlinking /home/vivek/Documents/ROS/hw05/devel/share/common-lisp/ros/aro_msgs/srv/_package.lisp
Symlinking /home/vivek/Documents/ROS/hw05/devel/share/common-lisp/ros/aro_msgs/srv/PlanPath.lisp
Symlinking /home/vivek/Documents/ROS/hw05/devel/share/common-lisp/ros/aro_msgs/srv/GenerateFrontier.lisp
Symlinking /home/vivek/Documents/ROS/hw05/devel/share/common-lisp/ros/aro_msgs/srv/aro_msgs-srv.asd
Symlinking /home/vivek/Documents/ROS/hw05/devel/share/common-lisp/ros/aro_msgs/srv/_package_PlanPath.lisp
Symlinking /home/vivek/Documents/ROS/hw05/devel/share/common-lisp/ros/aro_msgs/srv/_package_GenerateFrontier.lisp
Symlinking /home/vivek/Documents/ROS/hw05/devel/share/common-lisp/ros/aro_msgs/msg/_package_FollowPathActionGoal.lisp
Symlinking /home/vivek/Documents/ROS/hw05/devel/share/common-lisp/ros/aro_msgs/msg/FollowPathActionResult.lisp
Symlinking /home/vivek/Documents/ROS/hw05/devel/share/common-lisp/ros/aro_msgs/msg/_package.lisp
Symlinking /home/vivek/Documents/ROS/hw05/devel/share/common-lisp/ros/aro_msgs/msg/_package_FollowPathAction.lisp
Symlinking /home/vivek/Documents/ROS/hw05/devel/share/common-lisp/ros/aro_msgs/msg/_package_FollowPathFeedback.lisp
Symlinking /home/vivek/Documents/ROS/hw05/devel/share/common-lisp/ros/aro_msgs/msg/Path.lisp
Symlinking /home/vivek/Documents/ROS/hw05/devel/share/common-lisp/ros/aro_msgs/msg/aro_msgs-msg.asd
Symlinking /home/vivek/Documents/ROS/hw05/devel/share/common-lisp/ros/aro_msgs/msg/FollowPathActionGoal.lisp
Symlinking /home/vivek/Documents/ROS/hw05/devel/share/common-lisp/ros/aro_msgs/msg/FollowPathResult.lisp
Symlinking /home/vivek/Documents/ROS/hw05/devel/share/common-lisp/ros/aro_msgs/msg/FollowPathGoal.lisp
Symlinking /home/vivek/Documents/ROS/hw05/devel/share/common-lisp/ros/aro_msgs/msg/_package_FollowPathResult.lisp
Symlinking /home/vivek/Documents/ROS/hw05/devel/share/common-lisp/ros/aro_msgs/msg/_package_FollowPathActionFeedback.lisp
Symlinking /home/vivek/Documents/ROS/hw05/devel/share/common-lisp/ros/aro_msgs/msg/FollowPathAction.lisp
Symlinking /home/vivek/Documents/ROS/hw05/devel/share/common-lisp/ros/aro_msgs/msg/_package_FollowPathActionResult.lisp
Symlinking /home/vivek/Documents/ROS/hw05/devel/share/common-lisp/ros/aro_msgs/msg/FollowPathActionFeedback.lisp
Symlinking /home/vivek/Documents/ROS/hw05/devel/share/common-lisp/ros/aro_msgs/msg/_package_Path.lisp
Symlinking /home/vivek/Documents/ROS/hw05/devel/share/common-lisp/ros/aro_msgs/msg/FollowPathFeedback.lisp
Symlinking /home/vivek/Documents/ROS/hw05/devel/share/common-lisp/ros/aro_msgs/msg/_package_FollowPathGoal.lisp
Symlinking /home/vivek/Documents/ROS/hw05/devel/share/roseus/ros/aro_msgs/manifest.l
Symlinking /home/vivek/Documents/ROS/hw05/devel/share/roseus/ros/aro_msgs/srv/PlanPath.l
Symlinking /home/vivek/Documents/ROS/hw05/devel/share/roseus/ros/aro_msgs/srv/GenerateFrontier.l
Symlinking /home/vivek/Documents/ROS/hw05/devel/share/roseus/ros/aro_msgs/msg/FollowPathAction.l
Symlinking /home/vivek/Documents/ROS/hw05/devel/share/roseus/ros/aro_msgs/msg/FollowPathFeedback.l
Symlinking /home/vivek/Documents/ROS/hw05/devel/share/roseus/ros/aro_msgs/msg/Path.l
Symlinking /home/vivek/Documents/ROS/hw05/devel/share/roseus/ros/aro_msgs/msg/FollowPathActionGoal.l
Symlinking /home/vivek/Documents/ROS/hw05/devel/share/roseus/ros/aro_msgs/msg/FollowPathResult.l
Symlinking /home/vivek/Documents/ROS/hw05/devel/share/roseus/ros/aro_msgs/msg/FollowPathActionResult.l
Symlinking /home/vivek/Documents/ROS/hw05/devel/share/roseus/ros/aro_msgs/msg/FollowPathActionFeedback.l
Symlinking /home/vivek/Documents/ROS/hw05/devel/share/roseus/ros/aro_msgs/msg/FollowPathGoal.l
Symlinking /home/vivek/Documents/ROS/hw05/devel/share/aro_msgs/cmake/aro_msgs-msg-extras.cmake
Symlinking /home/vivek/Documents/ROS/hw05/devel/share/aro_msgs/cmake/aro_msgsConfig.cmake
Symlinking /home/vivek/Documents/ROS/hw05/devel/share/aro_msgs/cmake/aro_msgs-msg-paths.cmake
Symlinking /home/vivek/Documents/ROS/hw05/devel/share/aro_msgs/cmake/aro_msgsConfig-version.cmake
Symlinking /home/vivek/Documents/ROS/hw05/devel/share/aro_msgs/msg/FollowPathActionResult.msg
Symlinking /home/vivek/Documents/ROS/hw05/devel/share/aro_msgs/msg/FollowPathGoal.msg
Symlinking /home/vivek/Documents/ROS/hw05/devel/share/aro_msgs/msg/FollowPathAction.msg
Symlinking /home/vivek/Documents/ROS/hw05/devel/share/aro_msgs/msg/FollowPathFeedback.msg
Symlinking /home/vivek/Documents/ROS/hw05/devel/share/aro_msgs/msg/FollowPathActionFeedback.msg
Symlinking /home/vivek/Documents/ROS/hw05/devel/share/aro_msgs/msg/FollowPathActionGoal.msg
Symlinking /home/vivek/Documents/ROS/hw05/devel/share/aro_msgs/msg/FollowPathResult.msg
Symlinking /home/vivek/Documents/ROS/hw05/devel/share/gennodejs/ros/aro_msgs/_index.js
Symlinking /home/vivek/Documents/ROS/hw05/devel/share/gennodejs/ros/aro_msgs/srv/GenerateFrontier.js
Symlinking /home/vivek/Documents/ROS/hw05/devel/share/gennodejs/ros/aro_msgs/srv/PlanPath.js
Symlinking /home/vivek/Documents/ROS/hw05/devel/share/gennodejs/ros/aro_msgs/srv/_index.js
Symlinking /home/vivek/Documents/ROS/hw05/devel/share/gennodejs/ros/aro_msgs/msg/FollowPathGoal.js
Symlinking /home/vivek/Documents/ROS/hw05/devel/share/gennodejs/ros/aro_msgs/msg/FollowPathActionResult.js
Symlinking /home/vivek/Documents/ROS/hw05/devel/share/gennodejs/ros/aro_msgs/msg/FollowPathActionGoal.js
Symlinking /home/vivek/Documents/ROS/hw05/devel/share/gennodejs/ros/aro_msgs/msg/FollowPathActionFeedback.js
Symlinking /home/vivek/Documents/ROS/hw05/devel/share/gennodejs/ros/aro_msgs/msg/FollowPathResult.js
Symlinking /home/vivek/Documents/ROS/hw05/devel/share/gennodejs/ros/aro_msgs/msg/FollowPathFeedback.js
Symlinking /home/vivek/Documents/ROS/hw05/devel/share/gennodejs/ros/aro_msgs/msg/Path.js
Symlinking /home/vivek/Documents/ROS/hw05/devel/share/gennodejs/ros/aro_msgs/msg/_index.js
Symlinking /home/vivek/Documents/ROS/hw05/devel/share/gennodejs/ros/aro_msgs/msg/FollowPathAction.js
