[35m[1mScanning dependencies of target _aro_msgs_generate_messages_check_deps_PlanPath[0m
[35m[1mScanning dependencies of target _aro_msgs_generate_messages_check_deps_GenerateFrontier[0m
[35m[1mScanning dependencies of target _aro_msgs_generate_messages_check_deps_FollowPathFeedback[0m
[35m[1mScanning dependencies of target _aro_msgs_generate_messages_check_deps_FollowPathGoal[0m
[35m[1mScanning dependencies of target geometry_msgs_generate_messages_nodejs[0m
[35m[1mScanning dependencies of target _aro_msgs_generate_messages_check_deps_FollowPathAction[0m
[35m[1mScanning dependencies of target std_msgs_generate_messages_nodejs[0m
[35m[1mScanning dependencies of target _aro_msgs_generate_messages_check_deps_FollowPathResult[0m
[35m[1mScanning dependencies of target _aro_msgs_generate_messages_check_deps_FollowPathActionFeedback[0m
[  0%] Built target geometry_msgs_generate_messages_nodejs
[  0%] Built target std_msgs_generate_messages_nodejs
[35m[1mScanning dependencies of target _aro_msgs_generate_messages_check_deps_Path[0m
[  0%] Built target _aro_msgs_generate_messages_check_deps_GenerateFrontier
[  0%] Built target _aro_msgs_generate_messages_check_deps_FollowPathFeedback
[35m[1mScanning dependencies of target actionlib_msgs_generate_messages_nodejs[0m
[  0%] Built target _aro_msgs_generate_messages_check_deps_FollowPathAction
[  0%] Built target _aro_msgs_generate_messages_check_deps_FollowPathGoal
[  0%] Built target _aro_msgs_generate_messages_check_deps_FollowPathResult
[  0%] Built target _aro_msgs_generate_messages_check_deps_PlanPath
[35m[1mScanning dependencies of target _aro_msgs_generate_messages_check_deps_FollowPathActionGoal[0m
[  0%] Built target actionlib_msgs_generate_messages_nodejs
[35m[1mScanning dependencies of target _aro_msgs_generate_messages_check_deps_FollowPathActionResult[0m
[35m[1mScanning dependencies of target std_msgs_generate_messages_py[0m
[  0%] Built target _aro_msgs_generate_messages_check_deps_FollowPathActionFeedback
[35m[1mScanning dependencies of target actionlib_msgs_generate_messages_lisp[0m
[35m[1mScanning dependencies of target geometry_msgs_generate_messages_py[0m
[35m[1mScanning dependencies of target actionlib_msgs_generate_messages_py[0m
[35m[1mScanning dependencies of target geometry_msgs_generate_messages_lisp[0m
[  0%] Built target std_msgs_generate_messages_py
[35m[1mScanning dependencies of target std_msgs_generate_messages_lisp[0m
[  0%] Built target geometry_msgs_generate_messages_lisp
[  0%] Built target geometry_msgs_generate_messages_py
[  0%] Built target actionlib_msgs_generate_messages_py
[  0%] Built target _aro_msgs_generate_messages_check_deps_Path
[  0%] Built target actionlib_msgs_generate_messages_lisp
[35m[1mScanning dependencies of target std_msgs_generate_messages_eus[0m
[35m[1mScanning dependencies of target geometry_msgs_generate_messages_eus[0m
[  0%] Built target std_msgs_generate_messages_lisp
[35m[1mScanning dependencies of target geometry_msgs_generate_messages_cpp[0m
[35m[1mScanning dependencies of target std_msgs_generate_messages_cpp[0m
[35m[1mScanning dependencies of target actionlib_msgs_generate_messages_eus[0m
[35m[1mScanning dependencies of target actionlib_msgs_generate_messages_cpp[0m
[  0%] Built target geometry_msgs_generate_messages_eus
[  0%] Built target std_msgs_generate_messages_eus
[  0%] Built target geometry_msgs_generate_messages_cpp
[  0%] Built target actionlib_msgs_generate_messages_eus
[  0%] Built target actionlib_msgs_generate_messages_cpp
[  0%] Built target std_msgs_generate_messages_cpp
[  0%] Built target _aro_msgs_generate_messages_check_deps_FollowPathActionGoal
[  0%] Built target _aro_msgs_generate_messages_check_deps_FollowPathActionResult
[35m[1mScanning dependencies of target aro_msgs_generate_messages_nodejs[0m
[35m[1mScanning dependencies of target aro_msgs_generate_messages_eus[0m
[35m[1mScanning dependencies of target aro_msgs_generate_messages_lisp[0m
[35m[1mScanning dependencies of target aro_msgs_generate_messages_cpp[0m
[35m[1mScanning dependencies of target aro_msgs_generate_messages_py[0m
[ 13%] [34m[1mGenerating Javascript code from aro_msgs/Path.msg[0m
[ 13%] [34m[1mGenerating C++ code from aro_msgs/FollowPathAction.msg[0m
[ 13%] [34m[1mGenerating Javascript code from aro_msgs/FollowPathActionResult.msg[0m
[ 13%] [34m[1mGenerating EusLisp code from aro_msgs/FollowPathAction.msg[0m
[ 13%] [34m[1mGenerating Javascript code from aro_msgs/FollowPathActionGoal.msg[0m
[ 13%] [34m[1mGenerating C++ code from aro_msgs/Path.msg[0m
[ 13%] [34m[1mGenerating Lisp code from aro_msgs/Path.msg[0m
[ 16%] [34m[1mGenerating Javascript code from aro_msgs/FollowPathAction.msg[0m
[ 16%] [34m[1mGenerating EusLisp code from aro_msgs/Path.msg[0m
[ 18%] [34m[1mGenerating Python from MSG aro_msgs/Path[0m
[ 22%] [34m[1mGenerating Lisp code from aro_msgs/FollowPathAction.msg[0m
[ 22%] [34m[1mGenerating EusLisp code from aro_msgs/FollowPathActionGoal.msg[0m
[ 24%] [34m[1mGenerating C++ code from aro_msgs/FollowPathActionGoal.msg[0m
[ 28%] [34m[1mGenerating Javascript code from aro_msgs/FollowPathActionFeedback.msg[0m
[ 28%] [34m[1mGenerating Javascript code from aro_msgs/FollowPathGoal.msg[0m
[ 30%] [34m[1mGenerating Javascript code from aro_msgs/FollowPathResult.msg[0m
[ 33%] [34m[1mGenerating Lisp code from aro_msgs/FollowPathActionGoal.msg[0m
[ 33%] [34m[1mGenerating Lisp code from aro_msgs/FollowPathActionResult.msg[0m
[ 35%] [34m[1mGenerating Javascript code from aro_msgs/FollowPathFeedback.msg[0m
[ 37%] [34m[1mGenerating EusLisp code from aro_msgs/FollowPathActionResult.msg[0m
[ 41%] [34m[1mGenerating C++ code from aro_msgs/FollowPathActionResult.msg[0m
[ 41%] [34m[1mGenerating C++ code from aro_msgs/FollowPathActionFeedback.msg[0m
[ 45%] [34m[1mGenerating EusLisp code from aro_msgs/FollowPathActionFeedback.msg[0m
[ 45%] [34m[1mGenerating Javascript code from aro_msgs/GenerateFrontier.srv[0m
[ 47%] [34m[1mGenerating Lisp code from aro_msgs/FollowPathActionFeedback.msg[0m
[ 49%] [34m[1mGenerating Javascript code from aro_msgs/PlanPath.srv[0m
[ 50%] [34m[1mGenerating EusLisp code from aro_msgs/FollowPathGoal.msg[0m
[ 52%] [34m[1mGenerating C++ code from aro_msgs/FollowPathGoal.msg[0m
[ 54%] [34m[1mGenerating C++ code from aro_msgs/FollowPathResult.msg[0m
[ 56%] [34m[1mGenerating Python from MSG aro_msgs/FollowPathAction[0m
[ 58%] [34m[1mGenerating Lisp code from aro_msgs/FollowPathGoal.msg[0m
[ 58%] Built target aro_msgs_generate_messages_nodejs
[ 60%] [34m[1mGenerating Lisp code from aro_msgs/FollowPathResult.msg[0m
[ 62%] [34m[1mGenerating Python from MSG aro_msgs/FollowPathActionGoal[0m
[ 64%] [34m[1mGenerating Lisp code from aro_msgs/FollowPathFeedback.msg[0m
[ 66%] [34m[1mGenerating C++ code from aro_msgs/FollowPathFeedback.msg[0m
[ 67%] [34m[1mGenerating EusLisp code from aro_msgs/FollowPathResult.msg[0m
[ 69%] [34m[1mGenerating EusLisp code from aro_msgs/FollowPathFeedback.msg[0m
[ 71%] [34m[1mGenerating Lisp code from aro_msgs/GenerateFrontier.srv[0m
[ 73%] [34m[1mGenerating Lisp code from aro_msgs/PlanPath.srv[0m
[ 75%] [34m[1mGenerating C++ code from aro_msgs/GenerateFrontier.srv[0m
[ 77%] [34m[1mGenerating C++ code from aro_msgs/PlanPath.srv[0m
[ 79%] [34m[1mGenerating EusLisp code from aro_msgs/GenerateFrontier.srv[0m
[ 81%] [34m[1mGenerating EusLisp code from aro_msgs/PlanPath.srv[0m
[ 81%] Built target aro_msgs_generate_messages_lisp
[ 84%] [34m[1mGenerating EusLisp manifest code for aro_msgs[0m
[ 86%] [34m[1mGenerating Python from MSG aro_msgs/FollowPathActionResult[0m
[ 86%] [34m[1mGenerating Python from MSG aro_msgs/FollowPathActionFeedback[0m
[ 88%] [34m[1mGenerating Python from MSG aro_msgs/FollowPathGoal[0m
[ 90%] [34m[1mGenerating Python from MSG aro_msgs/FollowPathFeedback[0m
[ 92%] [34m[1mGenerating Python code from SRV aro_msgs/GenerateFrontier[0m
[ 96%] [34m[1mGenerating Python code from SRV aro_msgs/PlanPath[0m
[ 96%] [34m[1mGenerating Python from MSG aro_msgs/FollowPathResult[0m
[ 96%] Built target aro_msgs_generate_messages_cpp
[100%] [34m[1mGenerating Python msg __init__.py for aro_msgs[0m
[100%] [34m[1mGenerating Python srv __init__.py for aro_msgs[0m
[100%] Built target aro_msgs_generate_messages_py
[100%] Built target aro_msgs_generate_messages_eus
[35m[1mScanning dependencies of target aro_msgs_generate_messages[0m
[100%] Built target aro_msgs_generate_messages
